<?xml version="1.0" encoding="UTF-8"?>
<testsuite xmlns:xsi="http://www.w3.org/2001/XMLSchema-instance" xsi:noNamespaceSchemaLocation="https://maven.apache.org/surefire/maven-surefire-plugin/xsd/surefire-test-report-3.0.xsd" version="3.0" name="com.pizzerialavera.e_commerce.ECommerceApplicationTests" time="23.661" tests="1" errors="0" skipped="0" failures="0">
  <properties>
    <property name="java.specification.version" value="17"/>
    <property name="sun.cpu.isalist" value="amd64"/>
    <property name="sun.jnu.encoding" value="Cp1252"/>
    <property name="java.class.path" value="C:\Users\ponce\Documents\Programacion\UTN\TECNICATURA EN PROGRAMACION\ECOMMERCE PIZZERIA LAVERA PIZZA\Backend\e-commerce\target\test-classes;C:\Users\ponce\Documents\Programacion\UTN\TECNICATURA EN PROGRAMACION\ECOMMERCE PIZZERIA LAVERA PIZZA\Backend\e-commerce\target\classes;C:\Users\ponce\.m2\repository\log4j\log4j\1.2.17\log4j-1.2.17.jar;C:\Users\ponce\.m2\repository\org\springframework\boot\spring-boot-starter-thymeleaf\3.3.4\spring-boot-starter-thymeleaf-3.3.4.jar;C:\Users\ponce\.m2\repository\org\springframework\boot\spring-boot-starter\3.3.4\spring-boot-starter-3.3.4.jar;C:\Users\ponce\.m2\repository\org\springframework\boot\spring-boot\3.3.4\spring-boot-3.3.4.jar;C:\Users\ponce\.m2\repository\org\springframework\boot\spring-boot-autoconfigure\3.3.4\spring-boot-autoconfigure-3.3.4.jar;C:\Users\ponce\.m2\repository\org\springframework\boot\spring-boot-starter-logging\3.3.4\spring-boot-starter-logging-3.3.4.jar;C:\Users\ponce\.m2\repository\ch\qos\logback\logback-classic\1.5.8\logback-classic-1.5.8.jar;C:\Users\ponce\.m2\repository\ch\qos\logback\logback-core\1.5.8\logback-core-1.5.8.jar;C:\Users\ponce\.m2\repository\org\apache\logging\log4j\log4j-to-slf4j\2.23.1\log4j-to-slf4j-2.23.1.jar;C:\Users\ponce\.m2\repository\org\slf4j\jul-to-slf4j\2.0.16\jul-to-slf4j-2.0.16.jar;C:\Users\ponce\.m2\repository\jakarta\annotation\jakarta.annotation-api\2.1.1\jakarta.annotation-api-2.1.1.jar;C:\Users\ponce\.m2\repository\org\yaml\snakeyaml\2.2\snakeyaml-2.2.jar;C:\Users\ponce\.m2\repository\org\thymeleaf\thymeleaf-spring6\3.1.2.RELEASE\thymeleaf-spring6-3.1.2.RELEASE.jar;C:\Users\ponce\.m2\repository\org\thymeleaf\thymeleaf\3.1.2.RELEASE\thymeleaf-3.1.2.RELEASE.jar;C:\Users\ponce\.m2\repository\org\attoparser\attoparser\2.0.7.RELEASE\attoparser-2.0.7.RELEASE.jar;C:\Users\ponce\.m2\repository\org\unbescape\unbescape\1.1.6.RELEASE\unbescape-1.1.6.RELEASE.jar;C:\Users\ponce\.m2\repository\org\slf4j\slf4j-api\2.0.16\slf4j-api-2.0.16.jar;C:\Users\ponce\.m2\repository\org\springframework\boot\spring-boot-starter-web\3.3.4\spring-boot-starter-web-3.3.4.jar;C:\Users\ponce\.m2\repository\org\springframework\boot\spring-boot-starter-json\3.3.4\spring-boot-starter-json-3.3.4.jar;C:\Users\ponce\.m2\repository\com\fasterxml\jackson\datatype\jackson-datatype-jdk8\2.17.2\jackson-datatype-jdk8-2.17.2.jar;C:\Users\ponce\.m2\repository\com\fasterxml\jackson\datatype\jackson-datatype-jsr310\2.17.2\jackson-datatype-jsr310-2.17.2.jar;C:\Users\ponce\.m2\repository\com\fasterxml\jackson\module\jackson-module-parameter-names\2.17.2\jackson-module-parameter-names-2.17.2.jar;C:\Users\ponce\.m2\repository\org\springframework\boot\spring-boot-starter-tomcat\3.3.4\spring-boot-starter-tomcat-3.3.4.jar;C:\Users\ponce\.m2\repository\org\apache\tomcat\embed\tomcat-embed-core\10.1.30\tomcat-embed-core-10.1.30.jar;C:\Users\ponce\.m2\repository\org\apache\tomcat\embed\tomcat-embed-el\10.1.30\tomcat-embed-el-10.1.30.jar;C:\Users\ponce\.m2\repository\org\apache\tomcat\embed\tomcat-embed-websocket\10.1.30\tomcat-embed-websocket-10.1.30.jar;C:\Users\ponce\.m2\repository\org\springframework\spring-web\6.1.13\spring-web-6.1.13.jar;C:\Users\ponce\.m2\repository\org\springframework\spring-beans\6.1.13\spring-beans-6.1.13.jar;C:\Users\ponce\.m2\repository\io\micrometer\micrometer-observation\1.13.4\micrometer-observation-1.13.4.jar;C:\Users\ponce\.m2\repository\io\micrometer\micrometer-commons\1.13.4\micrometer-commons-1.13.4.jar;C:\Users\ponce\.m2\repository\org\springframework\spring-webmvc\6.1.13\spring-webmvc-6.1.13.jar;C:\Users\ponce\.m2\repository\org\springframework\spring-context\6.1.13\spring-context-6.1.13.jar;C:\Users\ponce\.m2\repository\org\springframework\spring-expression\6.1.13\spring-expression-6.1.13.jar;C:\Users\ponce\.m2\repository\com\h2database\h2\2.2.224\h2-2.2.224.jar;C:\Users\ponce\.m2\repository\org\projectlombok\lombok\1.18.34\lombok-1.18.34.jar;C:\Users\ponce\.m2\repository\org\springframework\boot\spring-boot-starter-test\3.3.4\spring-boot-starter-test-3.3.4.jar;C:\Users\ponce\.m2\repository\org\springframework\boot\spring-boot-test\3.3.4\spring-boot-test-3.3.4.jar;C:\Users\ponce\.m2\repository\org\springframework\boot\spring-boot-test-autoconfigure\3.3.4\spring-boot-test-autoconfigure-3.3.4.jar;C:\Users\ponce\.m2\repository\com\jayway\jsonpath\json-path\2.9.0\json-path-2.9.0.jar;C:\Users\ponce\.m2\repository\jakarta\xml\bind\jakarta.xml.bind-api\4.0.2\jakarta.xml.bind-api-4.0.2.jar;C:\Users\ponce\.m2\repository\jakarta\activation\jakarta.activation-api\2.1.3\jakarta.activation-api-2.1.3.jar;C:\Users\ponce\.m2\repository\net\minidev\json-smart\2.5.1\json-smart-2.5.1.jar;C:\Users\ponce\.m2\repository\net\minidev\accessors-smart\2.5.1\accessors-smart-2.5.1.jar;C:\Users\ponce\.m2\repository\org\ow2\asm\asm\9.6\asm-9.6.jar;C:\Users\ponce\.m2\repository\org\assertj\assertj-core\3.25.3\assertj-core-3.25.3.jar;C:\Users\ponce\.m2\repository\net\bytebuddy\byte-buddy\1.14.19\byte-buddy-1.14.19.jar;C:\Users\ponce\.m2\repository\org\awaitility\awaitility\4.2.2\awaitility-4.2.2.jar;C:\Users\ponce\.m2\repository\org\hamcrest\hamcrest\2.2\hamcrest-2.2.jar;C:\Users\ponce\.m2\repository\org\junit\jupiter\junit-jupiter\5.10.3\junit-jupiter-5.10.3.jar;C:\Users\ponce\.m2\repository\org\junit\jupiter\junit-jupiter-api\5.10.3\junit-jupiter-api-5.10.3.jar;C:\Users\ponce\.m2\repository\org\opentest4j\opentest4j\1.3.0\opentest4j-1.3.0.jar;C:\Users\ponce\.m2\repository\org\junit\platform\junit-platform-commons\1.10.3\junit-platform-commons-1.10.3.jar;C:\Users\ponce\.m2\repository\org\apiguardian\apiguardian-api\1.1.2\apiguardian-api-1.1.2.jar;C:\Users\ponce\.m2\repository\org\junit\jupiter\junit-jupiter-params\5.10.3\junit-jupiter-params-5.10.3.jar;C:\Users\ponce\.m2\repository\org\junit\jupiter\junit-jupiter-engine\5.10.3\junit-jupiter-engine-5.10.3.jar;C:\Users\ponce\.m2\repository\org\junit\platform\junit-platform-engine\1.10.3\junit-platform-engine-1.10.3.jar;C:\Users\ponce\.m2\repository\org\mockito\mockito-core\5.11.0\mockito-core-5.11.0.jar;C:\Users\ponce\.m2\repository\net\bytebuddy\byte-buddy-agent\1.14.19\byte-buddy-agent-1.14.19.jar;C:\Users\ponce\.m2\repository\org\objenesis\objenesis\3.3\objenesis-3.3.jar;C:\Users\ponce\.m2\repository\org\mockito\mockito-junit-jupiter\5.11.0\mockito-junit-jupiter-5.11.0.jar;C:\Users\ponce\.m2\repository\org\skyscreamer\jsonassert\1.5.3\jsonassert-1.5.3.jar;C:\Users\ponce\.m2\repository\com\vaadin\external\google\android-json\0.0.20131108.vaadin1\android-json-0.0.20131108.vaadin1.jar;C:\Users\ponce\.m2\repository\org\springframework\spring-core\6.1.13\spring-core-6.1.13.jar;C:\Users\ponce\.m2\repository\org\springframework\spring-jcl\6.1.13\spring-jcl-6.1.13.jar;C:\Users\ponce\.m2\repository\org\springframework\spring-test\6.1.13\spring-test-6.1.13.jar;C:\Users\ponce\.m2\repository\org\xmlunit\xmlunit-core\2.9.1\xmlunit-core-2.9.1.jar;C:\Users\ponce\.m2\repository\org\springframework\boot\spring-boot-starter-data-jpa\3.3.4\spring-boot-starter-data-jpa-3.3.4.jar;C:\Users\ponce\.m2\repository\org\springframework\boot\spring-boot-starter-aop\3.3.4\spring-boot-starter-aop-3.3.4.jar;C:\Users\ponce\.m2\repository\org\aspectj\aspectjweaver\1.9.22.1\aspectjweaver-1.9.22.1.jar;C:\Users\ponce\.m2\repository\org\springframework\boot\spring-boot-starter-jdbc\3.3.4\spring-boot-starter-jdbc-3.3.4.jar;C:\Users\ponce\.m2\repository\com\zaxxer\HikariCP\5.1.0\HikariCP-5.1.0.jar;C:\Users\ponce\.m2\repository\org\springframework\spring-jdbc\6.1.13\spring-jdbc-6.1.13.jar;C:\Users\ponce\.m2\repository\org\hibernate\orm\hibernate-core\6.5.3.Final\hibernate-core-6.5.3.Final.jar;C:\Users\ponce\.m2\repository\jakarta\persistence\jakarta.persistence-api\3.1.0\jakarta.persistence-api-3.1.0.jar;C:\Users\ponce\.m2\repository\jakarta\transaction\jakarta.transaction-api\2.0.1\jakarta.transaction-api-2.0.1.jar;C:\Users\ponce\.m2\repository\org\jboss\logging\jboss-logging\3.5.3.Final\jboss-logging-3.5.3.Final.jar;C:\Users\ponce\.m2\repository\org\hibernate\common\hibernate-commons-annotations\6.0.6.Final\hibernate-commons-annotations-6.0.6.Final.jar;C:\Users\ponce\.m2\repository\io\smallrye\jandex\3.1.2\jandex-3.1.2.jar;C:\Users\ponce\.m2\repository\com\fasterxml\classmate\1.7.0\classmate-1.7.0.jar;C:\Users\ponce\.m2\repository\org\glassfish\jaxb\jaxb-runtime\4.0.5\jaxb-runtime-4.0.5.jar;C:\Users\ponce\.m2\repository\org\glassfish\jaxb\jaxb-core\4.0.5\jaxb-core-4.0.5.jar;C:\Users\ponce\.m2\repository\org\eclipse\angus\angus-activation\2.0.2\angus-activation-2.0.2.jar;C:\Users\ponce\.m2\repository\org\glassfish\jaxb\txw2\4.0.5\txw2-4.0.5.jar;C:\Users\ponce\.m2\repository\com\sun\istack\istack-commons-runtime\4.1.2\istack-commons-runtime-4.1.2.jar;C:\Users\ponce\.m2\repository\jakarta\inject\jakarta.inject-api\2.0.1\jakarta.inject-api-2.0.1.jar;C:\Users\ponce\.m2\repository\org\antlr\antlr4-runtime\4.13.0\antlr4-runtime-4.13.0.jar;C:\Users\ponce\.m2\repository\org\springframework\data\spring-data-jpa\3.3.4\spring-data-jpa-3.3.4.jar;C:\Users\ponce\.m2\repository\org\springframework\data\spring-data-commons\3.3.4\spring-data-commons-3.3.4.jar;C:\Users\ponce\.m2\repository\org\springframework\spring-orm\6.1.13\spring-orm-6.1.13.jar;C:\Users\ponce\.m2\repository\org\springframework\spring-tx\6.1.13\spring-tx-6.1.13.jar;C:\Users\ponce\.m2\repository\org\springframework\spring-aspects\6.1.13\spring-aspects-6.1.13.jar;C:\Users\ponce\.m2\repository\org\springframework\boot\spring-boot-starter-security\3.3.4\spring-boot-starter-security-3.3.4.jar;C:\Users\ponce\.m2\repository\org\springframework\spring-aop\6.1.13\spring-aop-6.1.13.jar;C:\Users\ponce\.m2\repository\org\springframework\security\spring-security-config\6.3.3\spring-security-config-6.3.3.jar;C:\Users\ponce\.m2\repository\org\springframework\security\spring-security-core\6.3.3\spring-security-core-6.3.3.jar;C:\Users\ponce\.m2\repository\org\springframework\security\spring-security-crypto\6.3.3\spring-security-crypto-6.3.3.jar;C:\Users\ponce\.m2\repository\org\springframework\security\spring-security-web\6.3.3\spring-security-web-6.3.3.jar;C:\Users\ponce\.m2\repository\com\fasterxml\jackson\core\jackson-core\2.17.1\jackson-core-2.17.1.jar;C:\Users\ponce\.m2\repository\com\fasterxml\jackson\core\jackson-databind\2.17.1\jackson-databind-2.17.1.jar;C:\Users\ponce\.m2\repository\com\fasterxml\jackson\core\jackson-annotations\2.17.2\jackson-annotations-2.17.2.jar;C:\Users\ponce\.m2\repository\org\springdoc\springdoc-openapi-starter-webmvc-ui\2.0.2\springdoc-openapi-starter-webmvc-ui-2.0.2.jar;C:\Users\ponce\.m2\repository\org\springdoc\springdoc-openapi-starter-webmvc-api\2.0.2\springdoc-openapi-starter-webmvc-api-2.0.2.jar;C:\Users\ponce\.m2\repository\org\springdoc\springdoc-openapi-starter-common\2.0.2\springdoc-openapi-starter-common-2.0.2.jar;C:\Users\ponce\.m2\repository\io\swagger\core\v3\swagger-core-jakarta\2.2.7\swagger-core-jakarta-2.2.7.jar;C:\Users\ponce\.m2\repository\io\swagger\core\v3\swagger-annotations-jakarta\2.2.7\swagger-annotations-jakarta-2.2.7.jar;C:\Users\ponce\.m2\repository\io\swagger\core\v3\swagger-models-jakarta\2.2.7\swagger-models-jakarta-2.2.7.jar;C:\Users\ponce\.m2\repository\jakarta\validation\jakarta.validation-api\3.0.2\jakarta.validation-api-3.0.2.jar;C:\Users\ponce\.m2\repository\com\fasterxml\jackson\dataformat\jackson-dataformat-yaml\2.17.2\jackson-dataformat-yaml-2.17.2.jar;C:\Users\ponce\.m2\repository\org\webjars\swagger-ui\4.15.5\swagger-ui-4.15.5.jar;C:\Users\ponce\.m2\repository\org\webjars\webjars-locator-core\0.58\webjars-locator-core-0.58.jar;C:\Users\ponce\.m2\repository\io\github\classgraph\classgraph\4.8.149\classgraph-4.8.149.jar;C:\Users\ponce\.m2\repository\io\jsonwebtoken\jjwt\0.9.1\jjwt-0.9.1.jar;C:\Users\ponce\.m2\repository\org\apache\poi\poi\5.3.0\poi-5.3.0.jar;C:\Users\ponce\.m2\repository\commons-codec\commons-codec\1.16.1\commons-codec-1.16.1.jar;C:\Users\ponce\.m2\repository\org\apache\commons\commons-collections4\4.4\commons-collections4-4.4.jar;C:\Users\ponce\.m2\repository\org\apache\commons\commons-math3\3.6.1\commons-math3-3.6.1.jar;C:\Users\ponce\.m2\repository\commons-io\commons-io\2.16.1\commons-io-2.16.1.jar;C:\Users\ponce\.m2\repository\com\zaxxer\SparseBitSet\1.3\SparseBitSet-1.3.jar;C:\Users\ponce\.m2\repository\org\apache\logging\log4j\log4j-api\2.23.1\log4j-api-2.23.1.jar;C:\Users\ponce\.m2\repository\org\apache\poi\poi-ooxml\5.3.0\poi-ooxml-5.3.0.jar;C:\Users\ponce\.m2\repository\org\apache\poi\poi-ooxml-lite\5.3.0\poi-ooxml-lite-5.3.0.jar;C:\Users\ponce\.m2\repository\org\apache\xmlbeans\xmlbeans\5.2.1\xmlbeans-5.2.1.jar;C:\Users\ponce\.m2\repository\org\apache\commons\commons-compress\1.26.2\commons-compress-1.26.2.jar;C:\Users\ponce\.m2\repository\org\apache\commons\commons-lang3\3.14.0\commons-lang3-3.14.0.jar;C:\Users\ponce\.m2\repository\com\github\virtuald\curvesapi\1.08\curvesapi-1.08.jar;"/>
    <property name="java.vm.vendor" value="Oracle Corporation"/>
    <property name="sun.arch.data.model" value="64"/>
    <property name="user.variant" value=""/>
    <property name="java.vendor.url" value="https://java.oracle.com/"/>
    <property name="user.timezone" value="GMT-03:00"/>
    <property name="org.jboss.logging.provider" value="slf4j"/>
    <property name="os.name" value="Windows 11"/>
    <property name="java.vm.specification.version" value="17"/>
    <property name="sun.java.launcher" value="SUN_STANDARD"/>
    <property name="user.country" value="AR"/>
    <property name="sun.boot.library.path" value="C:\Program Files\Java\jdk-17\bin"/>
    <property name="sun.java.command" value="C:\Users\ponce\AppData\Local\Temp\surefire2736093331351492543\surefirebooter-20240922211954362_3.jar C:\Users\ponce\AppData\Local\Temp\surefire2736093331351492543 2024-09-22T21-19-53_630-jvmRun1 surefire-20240922211954362_1tmp surefire_0-20240922211954362_2tmp"/>
    <property name="jdk.debug" value="release"/>
    <property name="surefire.test.class.path" value="C:\Users\ponce\Documents\Programacion\UTN\TECNICATURA EN PROGRAMACION\ECOMMERCE PIZZERIA LAVERA PIZZA\Backend\e-commerce\target\test-classes;C:\Users\ponce\Documents\Programacion\UTN\TECNICATURA EN PROGRAMACION\ECOMMERCE PIZZERIA LAVERA PIZZA\Backend\e-commerce\target\classes;C:\Users\ponce\.m2\repository\log4j\log4j\1.2.17\log4j-1.2.17.jar;C:\Users\ponce\.m2\repository\org\springframework\boot\spring-boot-starter-thymeleaf\3.3.4\spring-boot-starter-thymeleaf-3.3.4.jar;C:\Users\ponce\.m2\repository\org\springframework\boot\spring-boot-starter\3.3.4\spring-boot-starter-3.3.4.jar;C:\Users\ponce\.m2\repository\org\springframework\boot\spring-boot\3.3.4\spring-boot-3.3.4.jar;C:\Users\ponce\.m2\repository\org\springframework\boot\spring-boot-autoconfigure\3.3.4\spring-boot-autoconfigure-3.3.4.jar;C:\Users\ponce\.m2\repository\org\springframework\boot\spring-boot-starter-logging\3.3.4\spring-boot-starter-logging-3.3.4.jar;C:\Users\ponce\.m2\repository\ch\qos\logback\logback-classic\1.5.8\logback-classic-1.5.8.jar;C:\Users\ponce\.m2\repository\ch\qos\logback\logback-core\1.5.8\logback-core-1.5.8.jar;C:\Users\ponce\.m2\repository\org\apache\logging\log4j\log4j-to-slf4j\2.23.1\log4j-to-slf4j-2.23.1.jar;C:\Users\ponce\.m2\repository\org\slf4j\jul-to-slf4j\2.0.16\jul-to-slf4j-2.0.16.jar;C:\Users\ponce\.m2\repository\jakarta\annotation\jakarta.annotation-api\2.1.1\jakarta.annotation-api-2.1.1.jar;C:\Users\ponce\.m2\repository\org\yaml\snakeyaml\2.2\snakeyaml-2.2.jar;C:\Users\ponce\.m2\repository\org\thymeleaf\thymeleaf-spring6\3.1.2.RELEASE\thymeleaf-spring6-3.1.2.RELEASE.jar;C:\Users\ponce\.m2\repository\org\thymeleaf\thymeleaf\3.1.2.RELEASE\thymeleaf-3.1.2.RELEASE.jar;C:\Users\ponce\.m2\repository\org\attoparser\attoparser\2.0.7.RELEASE\attoparser-2.0.7.RELEASE.jar;C:\Users\ponce\.m2\repository\org\unbescape\unbescape\1.1.6.RELEASE\unbescape-1.1.6.RELEASE.jar;C:\Users\ponce\.m2\repository\org\slf4j\slf4j-api\2.0.16\slf4j-api-2.0.16.jar;C:\Users\ponce\.m2\repository\org\springframework\boot\spring-boot-starter-web\3.3.4\spring-boot-starter-web-3.3.4.jar;C:\Users\ponce\.m2\repository\org\springframework\boot\spring-boot-starter-json\3.3.4\spring-boot-starter-json-3.3.4.jar;C:\Users\ponce\.m2\repository\com\fasterxml\jackson\datatype\jackson-datatype-jdk8\2.17.2\jackson-datatype-jdk8-2.17.2.jar;C:\Users\ponce\.m2\repository\com\fasterxml\jackson\datatype\jackson-datatype-jsr310\2.17.2\jackson-datatype-jsr310-2.17.2.jar;C:\Users\ponce\.m2\repository\com\fasterxml\jackson\module\jackson-module-parameter-names\2.17.2\jackson-module-parameter-names-2.17.2.jar;C:\Users\ponce\.m2\repository\org\springframework\boot\spring-boot-starter-tomcat\3.3.4\spring-boot-starter-tomcat-3.3.4.jar;C:\Users\ponce\.m2\repository\org\apache\tomcat\embed\tomcat-embed-core\10.1.30\tomcat-embed-core-10.1.30.jar;C:\Users\ponce\.m2\repository\org\apache\tomcat\embed\tomcat-embed-el\10.1.30\tomcat-embed-el-10.1.30.jar;C:\Users\ponce\.m2\repository\org\apache\tomcat\embed\tomcat-embed-websocket\10.1.30\tomcat-embed-websocket-10.1.30.jar;C:\Users\ponce\.m2\repository\org\springframework\spring-web\6.1.13\spring-web-6.1.13.jar;C:\Users\ponce\.m2\repository\org\springframework\spring-beans\6.1.13\spring-beans-6.1.13.jar;C:\Users\ponce\.m2\repository\io\micrometer\micrometer-observation\1.13.4\micrometer-observation-1.13.4.jar;C:\Users\ponce\.m2\repository\io\micrometer\micrometer-commons\1.13.4\micrometer-commons-1.13.4.jar;C:\Users\ponce\.m2\repository\org\springframework\spring-webmvc\6.1.13\spring-webmvc-6.1.13.jar;C:\Users\ponce\.m2\repository\org\springframework\spring-context\6.1.13\spring-context-6.1.13.jar;C:\Users\ponce\.m2\repository\org\springframework\spring-expression\6.1.13\spring-expression-6.1.13.jar;C:\Users\ponce\.m2\repository\com\h2database\h2\2.2.224\h2-2.2.224.jar;C:\Users\ponce\.m2\repository\org\projectlombok\lombok\1.18.34\lombok-1.18.34.jar;C:\Users\ponce\.m2\repository\org\springframework\boot\spring-boot-starter-test\3.3.4\spring-boot-starter-test-3.3.4.jar;C:\Users\ponce\.m2\repository\org\springframework\boot\spring-boot-test\3.3.4\spring-boot-test-3.3.4.jar;C:\Users\ponce\.m2\repository\org\springframework\boot\spring-boot-test-autoconfigure\3.3.4\spring-boot-test-autoconfigure-3.3.4.jar;C:\Users\ponce\.m2\repository\com\jayway\jsonpath\json-path\2.9.0\json-path-2.9.0.jar;C:\Users\ponce\.m2\repository\jakarta\xml\bind\jakarta.xml.bind-api\4.0.2\jakarta.xml.bind-api-4.0.2.jar;C:\Users\ponce\.m2\repository\jakarta\activation\jakarta.activation-api\2.1.3\jakarta.activation-api-2.1.3.jar;C:\Users\ponce\.m2\repository\net\minidev\json-smart\2.5.1\json-smart-2.5.1.jar;C:\Users\ponce\.m2\repository\net\minidev\accessors-smart\2.5.1\accessors-smart-2.5.1.jar;C:\Users\ponce\.m2\repository\org\ow2\asm\asm\9.6\asm-9.6.jar;C:\Users\ponce\.m2\repository\org\assertj\assertj-core\3.25.3\assertj-core-3.25.3.jar;C:\Users\ponce\.m2\repository\net\bytebuddy\byte-buddy\1.14.19\byte-buddy-1.14.19.jar;C:\Users\ponce\.m2\repository\org\awaitility\awaitility\4.2.2\awaitility-4.2.2.jar;C:\Users\ponce\.m2\repository\org\hamcrest\hamcrest\2.2\hamcrest-2.2.jar;C:\Users\ponce\.m2\repository\org\junit\jupiter\junit-jupiter\5.10.3\junit-jupiter-5.10.3.jar;C:\Users\ponce\.m2\repository\org\junit\jupiter\junit-jupiter-api\5.10.3\junit-jupiter-api-5.10.3.jar;C:\Users\ponce\.m2\repository\org\opentest4j\opentest4j\1.3.0\opentest4j-1.3.0.jar;C:\Users\ponce\.m2\repository\org\junit\platform\junit-platform-commons\1.10.3\junit-platform-commons-1.10.3.jar;C:\Users\ponce\.m2\repository\org\apiguardian\apiguardian-api\1.1.2\apiguardian-api-1.1.2.jar;C:\Users\ponce\.m2\repository\org\junit\jupiter\junit-jupiter-params\5.10.3\junit-jupiter-params-5.10.3.jar;C:\Users\ponce\.m2\repository\org\junit\jupiter\junit-jupiter-engine\5.10.3\junit-jupiter-engine-5.10.3.jar;C:\Users\ponce\.m2\repository\org\junit\platform\junit-platform-engine\1.10.3\junit-platform-engine-1.10.3.jar;C:\Users\ponce\.m2\repository\org\mockito\mockito-core\5.11.0\mockito-core-5.11.0.jar;C:\Users\ponce\.m2\repository\net\bytebuddy\byte-buddy-agent\1.14.19\byte-buddy-agent-1.14.19.jar;C:\Users\ponce\.m2\repository\org\objenesis\objenesis\3.3\objenesis-3.3.jar;C:\Users\ponce\.m2\repository\org\mockito\mockito-junit-jupiter\5.11.0\mockito-junit-jupiter-5.11.0.jar;C:\Users\ponce\.m2\repository\org\skyscreamer\jsonassert\1.5.3\jsonassert-1.5.3.jar;C:\Users\ponce\.m2\repository\com\vaadin\external\google\android-json\0.0.20131108.vaadin1\android-json-0.0.20131108.vaadin1.jar;C:\Users\ponce\.m2\repository\org\springframework\spring-core\6.1.13\spring-core-6.1.13.jar;C:\Users\ponce\.m2\repository\org\springframework\spring-jcl\6.1.13\spring-jcl-6.1.13.jar;C:\Users\ponce\.m2\repository\org\springframework\spring-test\6.1.13\spring-test-6.1.13.jar;C:\Users\ponce\.m2\repository\org\xmlunit\xmlunit-core\2.9.1\xmlunit-core-2.9.1.jar;C:\Users\ponce\.m2\repository\org\springframework\boot\spring-boot-starter-data-jpa\3.3.4\spring-boot-starter-data-jpa-3.3.4.jar;C:\Users\ponce\.m2\repository\org\springframework\boot\spring-boot-starter-aop\3.3.4\spring-boot-starter-aop-3.3.4.jar;C:\Users\ponce\.m2\repository\org\aspectj\aspectjweaver\1.9.22.1\aspectjweaver-1.9.22.1.jar;C:\Users\ponce\.m2\repository\org\springframework\boot\spring-boot-starter-jdbc\3.3.4\spring-boot-starter-jdbc-3.3.4.jar;C:\Users\ponce\.m2\repository\com\zaxxer\HikariCP\5.1.0\HikariCP-5.1.0.jar;C:\Users\ponce\.m2\repository\org\springframework\spring-jdbc\6.1.13\spring-jdbc-6.1.13.jar;C:\Users\ponce\.m2\repository\org\hibernate\orm\hibernate-core\6.5.3.Final\hibernate-core-6.5.3.Final.jar;C:\Users\ponce\.m2\repository\jakarta\persistence\jakarta.persistence-api\3.1.0\jakarta.persistence-api-3.1.0.jar;C:\Users\ponce\.m2\repository\jakarta\transaction\jakarta.transaction-api\2.0.1\jakarta.transaction-api-2.0.1.jar;C:\Users\ponce\.m2\repository\org\jboss\logging\jboss-logging\3.5.3.Final\jboss-logging-3.5.3.Final.jar;C:\Users\ponce\.m2\repository\org\hibernate\common\hibernate-commons-annotations\6.0.6.Final\hibernate-commons-annotations-6.0.6.Final.jar;C:\Users\ponce\.m2\repository\io\smallrye\jandex\3.1.2\jandex-3.1.2.jar;C:\Users\ponce\.m2\repository\com\fasterxml\classmate\1.7.0\classmate-1.7.0.jar;C:\Users\ponce\.m2\repository\org\glassfish\jaxb\jaxb-runtime\4.0.5\jaxb-runtime-4.0.5.jar;C:\Users\ponce\.m2\repository\org\glassfish\jaxb\jaxb-core\4.0.5\jaxb-core-4.0.5.jar;C:\Users\ponce\.m2\repository\org\eclipse\angus\angus-activation\2.0.2\angus-activation-2.0.2.jar;C:\Users\ponce\.m2\repository\org\glassfish\jaxb\txw2\4.0.5\txw2-4.0.5.jar;C:\Users\ponce\.m2\repository\com\sun\istack\istack-commons-runtime\4.1.2\istack-commons-runtime-4.1.2.jar;C:\Users\ponce\.m2\repository\jakarta\inject\jakarta.inject-api\2.0.1\jakarta.inject-api-2.0.1.jar;C:\Users\ponce\.m2\repository\org\antlr\antlr4-runtime\4.13.0\antlr4-runtime-4.13.0.jar;C:\Users\ponce\.m2\repository\org\springframework\data\spring-data-jpa\3.3.4\spring-data-jpa-3.3.4.jar;C:\Users\ponce\.m2\repository\org\springframework\data\spring-data-commons\3.3.4\spring-data-commons-3.3.4.jar;C:\Users\ponce\.m2\repository\org\springframework\spring-orm\6.1.13\spring-orm-6.1.13.jar;C:\Users\ponce\.m2\repository\org\springframework\spring-tx\6.1.13\spring-tx-6.1.13.jar;C:\Users\ponce\.m2\repository\org\springframework\spring-aspects\6.1.13\spring-aspects-6.1.13.jar;C:\Users\ponce\.m2\repository\org\springframework\boot\spring-boot-starter-security\3.3.4\spring-boot-starter-security-3.3.4.jar;C:\Users\ponce\.m2\repository\org\springframework\spring-aop\6.1.13\spring-aop-6.1.13.jar;C:\Users\ponce\.m2\repository\org\springframework\security\spring-security-config\6.3.3\spring-security-config-6.3.3.jar;C:\Users\ponce\.m2\repository\org\springframework\security\spring-security-core\6.3.3\spring-security-core-6.3.3.jar;C:\Users\ponce\.m2\repository\org\springframework\security\spring-security-crypto\6.3.3\spring-security-crypto-6.3.3.jar;C:\Users\ponce\.m2\repository\org\springframework\security\spring-security-web\6.3.3\spring-security-web-6.3.3.jar;C:\Users\ponce\.m2\repository\com\fasterxml\jackson\core\jackson-core\2.17.1\jackson-core-2.17.1.jar;C:\Users\ponce\.m2\repository\com\fasterxml\jackson\core\jackson-databind\2.17.1\jackson-databind-2.17.1.jar;C:\Users\ponce\.m2\repository\com\fasterxml\jackson\core\jackson-annotations\2.17.2\jackson-annotations-2.17.2.jar;C:\Users\ponce\.m2\repository\org\springdoc\springdoc-openapi-starter-webmvc-ui\2.0.2\springdoc-openapi-starter-webmvc-ui-2.0.2.jar;C:\Users\ponce\.m2\repository\org\springdoc\springdoc-openapi-starter-webmvc-api\2.0.2\springdoc-openapi-starter-webmvc-api-2.0.2.jar;C:\Users\ponce\.m2\repository\org\springdoc\springdoc-openapi-starter-common\2.0.2\springdoc-openapi-starter-common-2.0.2.jar;C:\Users\ponce\.m2\repository\io\swagger\core\v3\swagger-core-jakarta\2.2.7\swagger-core-jakarta-2.2.7.jar;C:\Users\ponce\.m2\repository\io\swagger\core\v3\swagger-annotations-jakarta\2.2.7\swagger-annotations-jakarta-2.2.7.jar;C:\Users\ponce\.m2\repository\io\swagger\core\v3\swagger-models-jakarta\2.2.7\swagger-models-jakarta-2.2.7.jar;C:\Users\ponce\.m2\repository\jakarta\validation\jakarta.validation-api\3.0.2\jakarta.validation-api-3.0.2.jar;C:\Users\ponce\.m2\repository\com\fasterxml\jackson\dataformat\jackson-dataformat-yaml\2.17.2\jackson-dataformat-yaml-2.17.2.jar;C:\Users\ponce\.m2\repository\org\webjars\swagger-ui\4.15.5\swagger-ui-4.15.5.jar;C:\Users\ponce\.m2\repository\org\webjars\webjars-locator-core\0.58\webjars-locator-core-0.58.jar;C:\Users\ponce\.m2\repository\io\github\classgraph\classgraph\4.8.149\classgraph-4.8.149.jar;C:\Users\ponce\.m2\repository\io\jsonwebtoken\jjwt\0.9.1\jjwt-0.9.1.jar;C:\Users\ponce\.m2\repository\org\apache\poi\poi\5.3.0\poi-5.3.0.jar;C:\Users\ponce\.m2\repository\commons-codec\commons-codec\1.16.1\commons-codec-1.16.1.jar;C:\Users\ponce\.m2\repository\org\apache\commons\commons-collections4\4.4\commons-collections4-4.4.jar;C:\Users\ponce\.m2\repository\org\apache\commons\commons-math3\3.6.1\commons-math3-3.6.1.jar;C:\Users\ponce\.m2\repository\commons-io\commons-io\2.16.1\commons-io-2.16.1.jar;C:\Users\ponce\.m2\repository\com\zaxxer\SparseBitSet\1.3\SparseBitSet-1.3.jar;C:\Users\ponce\.m2\repository\org\apache\logging\log4j\log4j-api\2.23.1\log4j-api-2.23.1.jar;C:\Users\ponce\.m2\repository\org\apache\poi\poi-ooxml\5.3.0\poi-ooxml-5.3.0.jar;C:\Users\ponce\.m2\repository\org\apache\poi\poi-ooxml-lite\5.3.0\poi-ooxml-lite-5.3.0.jar;C:\Users\ponce\.m2\repository\org\apache\xmlbeans\xmlbeans\5.2.1\xmlbeans-5.2.1.jar;C:\Users\ponce\.m2\repository\org\apache\commons\commons-compress\1.26.2\commons-compress-1.26.2.jar;C:\Users\ponce\.m2\repository\org\apache\commons\commons-lang3\3.14.0\commons-lang3-3.14.0.jar;C:\Users\ponce\.m2\repository\com\github\virtuald\curvesapi\1.08\curvesapi-1.08.jar;"/>
    <property name="sun.cpu.endian" value="little"/>
    <property name="user.home" value="C:\Users\ponce"/>
    <property name="user.language" value="es"/>
    <property name="java.specification.vendor" value="Oracle Corporation"/>
    <property name="java.version.date" value="2024-04-16"/>
    <property name="java.home" value="C:\Program Files\Java\jdk-17"/>
    <property name="file.separator" value="\"/>
    <property name="basedir" value="C:\Users\ponce\Documents\Programacion\UTN\TECNICATURA EN PROGRAMACION\ECOMMERCE PIZZERIA LAVERA PIZZA\Backend\e-commerce"/>
    <property name="java.vm.compressedOopsMode" value="32-bit"/>
    <property name="line.separator" value="&#10;"/>
    <property name="java.vm.specification.vendor" value="Oracle Corporation"/>
    <property name="java.specification.name" value="Java Platform API Specification"/>
    <property name="FILE_LOG_CHARSET" value="windows-1252"/>
    <property name="java.awt.headless" value="true"/>
    <property name="surefire.real.class.path" value="C:\Users\ponce\AppData\Local\Temp\surefire2736093331351492543\surefirebooter-20240922211954362_3.jar"/>
    <property name="user.script" value=""/>
    <property name="sun.management.compiler" value="HotSpot 64-Bit Tiered Compilers"/>
    <property name="java.runtime.version" value="17.0.11+7-LTS-207"/>
    <property name="user.name" value="ponce"/>
    <property name="path.separator" value=";"/>
    <property name="os.version" value="10.0"/>
    <property name="java.runtime.name" value="Java(TM) SE Runtime Environment"/>
    <property name="file.encoding" value="Cp1252"/>
    <property name="java.vm.name" value="Java HotSpot(TM) 64-Bit Server VM"/>
    <property name="localRepository" value="C:\Users\ponce\.m2\repository"/>
    <property name="java.vendor.url.bug" value="https://bugreport.java.com/bugreport/"/>
    <property name="java.io.tmpdir" value="C:\Users\ponce\AppData\Local\Temp\"/>
    <property name="com.zaxxer.hikari.pool_number" value="1"/>
    <property name="java.version" value="17.0.11"/>
    <property name="user.dir" value="C:\Users\ponce\Documents\Programacion\UTN\TECNICATURA EN PROGRAMACION\ECOMMERCE PIZZERIA LAVERA PIZZA\Backend\e-commerce"/>
    <property name="os.arch" value="amd64"/>
    <property name="java.vm.specification.name" value="Java Virtual Machine Specification"/>
    <property name="PID" value="18212"/>
    <property name="sun.os.patch.level" value=""/>
    <property name="CONSOLE_LOG_CHARSET" value="windows-1252"/>
    <property name="native.encoding" value="Cp1252"/>
    <property name="java.library.path" value="C:\Program Files\Java\jdk-17\bin;C:\Windows\Sun\Java\bin;C:\Windows\system32;C:\Windows;C:\Program Files\WindowsApps\Microsoft.PowerShell_7.4.5.0_x64__8wekyb3d8bbwe;C:\Program Files\Common Files\Oracle\Java\javapath;C:\Windows\system32;C:\Windows;C:\Windows\System32\Wbem;C:\Windows\System32\WindowsPowerShell\v1.0\;C:\Windows\System32\OpenSSH\;C:\Program Files\Git\cmd;C:\Program Files\nodejs\;C:\Program Files\Docker\Docker\resources\bin;C:\Program Files (x86)\Microsoft SQL Server\160\DTS\Binn\;C:\Program Files (x86)\Microsoft SQL Server\160\Tools\Binn\;C:\Program Files\Microsoft SQL Server\160\Tools\Binn\;C:\Program Files\Microsoft SQL Server\Client SDK\ODBC\170\Tools\Binn\;C:\Program Files\Microsoft SQL Server\160\DTS\Binn\;C:\Program Files\PowerShell\7\;C:\Program Files\apache-maven-3.9.9\bin;C:\Users\ponce\AppData\Local\Programs\Python\Launcher\;C:\Users\ponce\AppData\Local\Microsoft\WindowsApps;C:\Users\ponce\AppData\Local\Programs\Microsoft VS Code\bin;C:\Users\ponce\AppData\Roaming\npm;C:\Users\ponce\AppData\Local\GitHubDesktop\bin;C:\Users\ponce\AppData\Local\Programs\oh-my-posh\bin;C:\Program Files\Java\jdk-17\bin;C:\Program Files\MySQL\MySQL Server 8.0\bin;C:\Users\ponce\AppData\Local\Programs\Python\Python312\Scripts;;."/>
    <property name="java.vm.info" value="mixed mode, sharing"/>
    <property name="java.vendor" value="Oracle Corporation"/>
    <property name="java.vm.version" value="17.0.11+7-LTS-207"/>
    <property name="sun.io.unicode.encoding" value="UnicodeLittle"/>
    <property name="java.class.version" value="61.0"/>
    <property name="LOGGED_APPLICATION_NAME" value="[e-commerce] "/>
  </properties>
  <testcase name="contextLoads" classname="com.pizzerialavera.e_commerce.ECommerceApplicationTests" time="0.812">
    <system-out><![CDATA[21:19:56.105 [main] INFO org.springframework.test.context.support.AnnotationConfigContextLoaderUtils -- Could not detect default configuration classes for test class [com.pizzerialavera.e_commerce.ECommerceApplicationTests]: ECommerceApplicationTests does not declare any static, non-private, non-final, nested classes annotated with @Configuration.
21:19:56.324 [main] INFO org.springframework.boot.test.context.SpringBootTestContextBootstrapper -- Found @SpringBootConfiguration com.pizzerialavera.e_commerce.ECommerceApplication for test class com.pizzerialavera.e_commerce.ECommerceApplicationTests

  .   ____          _            __ _ _
 /\\ / ___'_ __ _ _(_)_ __  __ _ \ \ \ \
( ( )\___ | '_ | '_| | '_ \/ _` | \ \ \ \
 \\/  ___)| |_)| | | | | || (_| |  ) ) ) )
  '  |____| .__|_| |_|_| |_\__, | / / / /
 =========|_|==============|___/=/_/_/_/

 :: Spring Boot ::                (v3.3.4)

2024-09-22T21:19:57.248-03:00  INFO 18212 --- [e-commerce] [           main] c.p.e.ECommerceApplicationTests          : Starting ECommerceApplicationTests using Java 17.0.11 with PID 18212 (started by ponce in C:\Users\ponce\Documents\Programacion\UTN\TECNICATURA EN PROGRAMACION\ECOMMERCE PIZZERIA LAVERA PIZZA\Backend\e-commerce)
2024-09-22T21:19:57.250-03:00  INFO 18212 --- [e-commerce] [           main] c.p.e.ECommerceApplicationTests          : No active profile set, falling back to 1 default profile: "default"
2024-09-22T21:19:59.174-03:00  INFO 18212 --- [e-commerce] [           main] .s.d.r.c.RepositoryConfigurationDelegate : Bootstrapping Spring Data JPA repositories in DEFAULT mode.
2024-09-22T21:19:59.326-03:00  INFO 18212 --- [e-commerce] [           main] .s.d.r.c.RepositoryConfigurationDelegate : Finished Spring Data repository scanning in 138 ms. Found 8 JPA repository interfaces.
2024-09-22T21:20:00.374-03:00  INFO 18212 --- [e-commerce] [           main] o.hibernate.jpa.internal.util.LogHelper  : HHH000204: Processing PersistenceUnitInfo [name: default]
2024-09-22T21:20:00.614-03:00  INFO 18212 --- [e-commerce] [           main] org.hibernate.Version                    : HHH000412: Hibernate ORM core version 6.5.3.Final
2024-09-22T21:20:00.708-03:00  INFO 18212 --- [e-commerce] [           main] o.h.c.internal.RegionFactoryInitiator    : HHH000026: Second-level cache disabled
2024-09-22T21:20:01.452-03:00  INFO 18212 --- [e-commerce] [           main] o.s.o.j.p.SpringPersistenceUnitInfo      : No LoadTimeWeaver setup: ignoring JPA class transformer
2024-09-22T21:20:01.541-03:00  INFO 18212 --- [e-commerce] [           main] com.zaxxer.hikari.HikariDataSource       : HikariPool-1 - Starting...
2024-09-22T21:20:02.037-03:00  INFO 18212 --- [e-commerce] [           main] com.zaxxer.hikari.pool.HikariPool        : HikariPool-1 - Added connection conn0: url=jdbc:h2:file:./data/pizzeriaLaveraPizzaDB user=SA
2024-09-22T21:20:02.040-03:00  INFO 18212 --- [e-commerce] [           main] com.zaxxer.hikari.HikariDataSource       : HikariPool-1 - Start completed.
2024-09-22T21:20:04.485-03:00  INFO 18212 --- [e-commerce] [           main] o.h.e.t.j.p.i.JtaPlatformInitiator       : HHH000489: No JTA platform available (set 'hibernate.transaction.jta.platform' to enable JTA platform integration)
2024-09-22T21:20:04.599-03:00  INFO 18212 --- [e-commerce] [           main] j.LocalContainerEntityManagerFactoryBean : Initialized JPA EntityManagerFactory for persistence unit 'default'
2024-09-22T21:20:08.493-03:00  WARN 18212 --- [e-commerce] [           main] JpaBaseConfiguration$JpaWebConfiguration : spring.jpa.open-in-view is enabled by default. Therefore, database queries may be performed during view rendering. Explicitly configure spring.jpa.open-in-view to disable this warning
2024-09-22T21:20:08.691-03:00  INFO 18212 --- [e-commerce] [           main] eAuthenticationProviderManagerConfigurer : Global AuthenticationManager configured with AuthenticationProvider bean with name daoAuthenticationProvider
2024-09-22T21:20:08.693-03:00  WARN 18212 --- [e-commerce] [           main] r$InitializeUserDetailsManagerConfigurer : Global AuthenticationManager configured with an AuthenticationProvider bean. UserDetailsService beans will not be used for username/password login. Consider removing the AuthenticationProvider bean. Alternatively, consider using the UserDetailsService in a manually instantiated DaoAuthenticationProvider.
2024-09-22T21:20:13.768-03:00  WARN 18212 --- [e-commerce] [           main] ion$DefaultTemplateResolverConfiguration : Cannot find template location: classpath:/templates/ (please add some templates, check your Thymeleaf configuration, or set spring.thymeleaf.check-template-location=false)
2024-09-22T21:20:14.170-03:00  INFO 18212 --- [e-commerce] [           main] o.s.b.a.h2.H2ConsoleAutoConfiguration    : H2 console available at '/h2'. Database available at 'jdbc:h2:file:./data/pizzeriaLaveraPizzaDB'
2024-09-22T21:20:14.380-03:00  INFO 18212 --- [e-commerce] [           main] c.p.e.ECommerceApplicationTests          : Started ECommerceApplicationTests in 17.638 seconds (process running for 19.53)
Hibernate: select u1_0.id from usuarios u1_0 where u1_0.email=? fetch first ? rows only
Hibernate: select u1_0.id from usuarios u1_0 where u1_0.email=? fetch first ? rows only
Hibernate: select u1_0.id from usuarios u1_0 where u1_0.email=? fetch first ? rows only
Hibernate: select c1_0.id,c1_0.name from categories c1_0 where c1_0.name=?
Hibernate: select i1_0.id,i1_0.name from ingredients i1_0 where i1_0.name=?
Hibernate: select i1_0.id,i1_0.name from ingredients i1_0 where i1_0.name=?
Hibernate: select i1_0.id,i1_0.name from ingredients i1_0 where i1_0.name=?
Hibernate: select i1_0.id,i1_0.name from ingredients i1_0 where i1_0.name=?
Hibernate: select i1_0.id,i1_0.name from ingredients i1_0 where i1_0.name=?
Hibernate: select i1_0.id,i1_0.name from ingredients i1_0 where i1_0.name=?
Hibernate: insert into products (category_id,name,price,id) values (?,?,?,default)
Hibernate: insert into product_ingredient (product_id,ingredient_id) values (?,?)
Hibernate: insert into product_ingredient (product_id,ingredient_id) values (?,?)
Hibernate: insert into product_ingredient (product_id,ingredient_id) values (?,?)
Hibernate: insert into product_ingredient (product_id,ingredient_id) values (?,?)
Hibernate: insert into product_ingredient (product_id,ingredient_id) values (?,?)
Hibernate: insert into product_ingredient (product_id,ingredient_id) values (?,?)
Hibernate: select c1_0.id,c1_0.name from categories c1_0 where c1_0.name=?
Hibernate: select i1_0.id,i1_0.name from ingredients i1_0 where i1_0.name=?
Hibernate: select i1_0.id,i1_0.name from ingredients i1_0 where i1_0.name=?
Hibernate: select i1_0.id,i1_0.name from ingredients i1_0 where i1_0.name=?
Hibernate: select i1_0.id,i1_0.name from ingredients i1_0 where i1_0.name=?
Hibernate: select i1_0.id,i1_0.name from ingredients i1_0 where i1_0.name=?
Hibernate: select i1_0.id,i1_0.name from ingredients i1_0 where i1_0.name=?
Hibernate: select i1_0.id,i1_0.name from ingredients i1_0 where i1_0.name=?
Hibernate: insert into products (category_id,name,price,id) values (?,?,?,default)
Hibernate: insert into product_ingredient (product_id,ingredient_id) values (?,?)
Hibernate: insert into product_ingredient (product_id,ingredient_id) values (?,?)
Hibernate: insert into product_ingredient (product_id,ingredient_id) values (?,?)
Hibernate: insert into product_ingredient (product_id,ingredient_id) values (?,?)
Hibernate: insert into product_ingredient (product_id,ingredient_id) values (?,?)
Hibernate: insert into product_ingredient (product_id,ingredient_id) values (?,?)
Hibernate: insert into product_ingredient (product_id,ingredient_id) values (?,?)
Hibernate: select c1_0.id,c1_0.name from categories c1_0 where c1_0.name=?
Hibernate: select i1_0.id,i1_0.name from ingredients i1_0 where i1_0.name=?
Hibernate: select i1_0.id,i1_0.name from ingredients i1_0 where i1_0.name=?
Hibernate: select i1_0.id,i1_0.name from ingredients i1_0 where i1_0.name=?
Hibernate: select i1_0.id,i1_0.name from ingredients i1_0 where i1_0.name=?
Hibernate: select i1_0.id,i1_0.name from ingredients i1_0 where i1_0.name=?
Hibernate: select i1_0.id,i1_0.name from ingredients i1_0 where i1_0.name=?
Hibernate: select i1_0.id,i1_0.name from ingredients i1_0 where i1_0.name=?
Hibernate: select i1_0.id,i1_0.name from ingredients i1_0 where i1_0.name=?
Hibernate: select i1_0.id,i1_0.name from ingredients i1_0 where i1_0.name=?
Hibernate: insert into products (category_id,name,price,id) values (?,?,?,default)
Hibernate: insert into product_ingredient (product_id,ingredient_id) values (?,?)
Hibernate: insert into product_ingredient (product_id,ingredient_id) values (?,?)
Hibernate: insert into product_ingredient (product_id,ingredient_id) values (?,?)
Hibernate: insert into product_ingredient (product_id,ingredient_id) values (?,?)
Hibernate: insert into product_ingredient (product_id,ingredient_id) values (?,?)
Hibernate: insert into product_ingredient (product_id,ingredient_id) values (?,?)
Hibernate: insert into product_ingredient (product_id,ingredient_id) values (?,?)
Hibernate: insert into product_ingredient (product_id,ingredient_id) values (?,?)
Hibernate: insert into product_ingredient (product_id,ingredient_id) values (?,?)
Hibernate: select c1_0.id,c1_0.name from categories c1_0 where c1_0.name=?
Hibernate: select i1_0.id,i1_0.name from ingredients i1_0 where i1_0.name=?
Hibernate: select i1_0.id,i1_0.name from ingredients i1_0 where i1_0.name=?
Hibernate: select i1_0.id,i1_0.name from ingredients i1_0 where i1_0.name=?
Hibernate: insert into products (category_id,name,price,id) values (?,?,?,default)
Hibernate: insert into product_ingredient (product_id,ingredient_id) values (?,?)
Hibernate: insert into product_ingredient (product_id,ingredient_id) values (?,?)
Hibernate: insert into product_ingredient (product_id,ingredient_id) values (?,?)
Hibernate: select c1_0.id,c1_0.name from categories c1_0 where c1_0.name=?
Hibernate: select i1_0.id,i1_0.name from ingredients i1_0 where i1_0.name=?
Hibernate: select i1_0.id,i1_0.name from ingredients i1_0 where i1_0.name=?
Hibernate: select i1_0.id,i1_0.name from ingredients i1_0 where i1_0.name=?
Hibernate: select i1_0.id,i1_0.name from ingredients i1_0 where i1_0.name=?
Hibernate: select i1_0.id,i1_0.name from ingredients i1_0 where i1_0.name=?
Hibernate: select i1_0.id,i1_0.name from ingredients i1_0 where i1_0.name=?
Hibernate: select a1_0.id,a1_0.name,a1_0.price from additives a1_0 where a1_0.name=?
Hibernate: insert into products (category_id,name,price,id) values (?,?,?,default)
Hibernate: insert into product_additive (product_id,additive_id) values (?,?)
Hibernate: insert into product_ingredient (product_id,ingredient_id) values (?,?)
Hibernate: insert into product_ingredient (product_id,ingredient_id) values (?,?)
Hibernate: insert into product_ingredient (product_id,ingredient_id) values (?,?)
Hibernate: insert into product_ingredient (product_id,ingredient_id) values (?,?)
Hibernate: insert into product_ingredient (product_id,ingredient_id) values (?,?)
Hibernate: insert into product_ingredient (product_id,ingredient_id) values (?,?)
Hibernate: select c1_0.id,c1_0.name from categories c1_0 where c1_0.name=?
Hibernate: select i1_0.id,i1_0.name from ingredients i1_0 where i1_0.name=?
Hibernate: select i1_0.id,i1_0.name from ingredients i1_0 where i1_0.name=?
Hibernate: select i1_0.id,i1_0.name from ingredients i1_0 where i1_0.name=?
Hibernate: select i1_0.id,i1_0.name from ingredients i1_0 where i1_0.name=?
Hibernate: select i1_0.id,i1_0.name from ingredients i1_0 where i1_0.name=?
Hibernate: select i1_0.id,i1_0.name from ingredients i1_0 where i1_0.name=?
Hibernate: select i1_0.id,i1_0.name from ingredients i1_0 where i1_0.name=?
Hibernate: select a1_0.id,a1_0.name,a1_0.price from additives a1_0 where a1_0.name=?
Hibernate: insert into products (category_id,name,price,id) values (?,?,?,default)
Hibernate: insert into product_additive (product_id,additive_id) values (?,?)
Hibernate: insert into product_ingredient (product_id,ingredient_id) values (?,?)
Hibernate: insert into product_ingredient (product_id,ingredient_id) values (?,?)
Hibernate: insert into product_ingredient (product_id,ingredient_id) values (?,?)
Hibernate: insert into product_ingredient (product_id,ingredient_id) values (?,?)
Hibernate: insert into product_ingredient (product_id,ingredient_id) values (?,?)
Hibernate: insert into product_ingredient (product_id,ingredient_id) values (?,?)
Hibernate: insert into product_ingredient (product_id,ingredient_id) values (?,?)
Hibernate: select c1_0.id,c1_0.name from categories c1_0 where c1_0.name=?
Hibernate: select i1_0.id,i1_0.name from ingredients i1_0 where i1_0.name=?
Hibernate: select i1_0.id,i1_0.name from ingredients i1_0 where i1_0.name=?
Hibernate: select i1_0.id,i1_0.name from ingredients i1_0 where i1_0.name=?
Hibernate: select i1_0.id,i1_0.name from ingredients i1_0 where i1_0.name=?
Hibernate: select i1_0.id,i1_0.name from ingredients i1_0 where i1_0.name=?
Hibernate: select i1_0.id,i1_0.name from ingredients i1_0 where i1_0.name=?
Hibernate: select i1_0.id,i1_0.name from ingredients i1_0 where i1_0.name=?
Hibernate: select i1_0.id,i1_0.name from ingredients i1_0 where i1_0.name=?
Hibernate: select i1_0.id,i1_0.name from ingredients i1_0 where i1_0.name=?
Hibernate: select a1_0.id,a1_0.name,a1_0.price from additives a1_0 where a1_0.name=?
Hibernate: insert into products (category_id,name,price,id) values (?,?,?,default)
Hibernate: insert into product_additive (product_id,additive_id) values (?,?)
Hibernate: insert into product_ingredient (product_id,ingredient_id) values (?,?)
Hibernate: insert into product_ingredient (product_id,ingredient_id) values (?,?)
Hibernate: insert into product_ingredient (product_id,ingredient_id) values (?,?)
Hibernate: insert into product_ingredient (product_id,ingredient_id) values (?,?)
Hibernate: insert into product_ingredient (product_id,ingredient_id) values (?,?)
Hibernate: insert into product_ingredient (product_id,ingredient_id) values (?,?)
Hibernate: insert into product_ingredient (product_id,ingredient_id) values (?,?)
Hibernate: insert into product_ingredient (product_id,ingredient_id) values (?,?)
Hibernate: insert into product_ingredient (product_id,ingredient_id) values (?,?)
Hibernate: select c1_0.id,c1_0.name from categories c1_0 where c1_0.name=?
Hibernate: select i1_0.id,i1_0.name from ingredients i1_0 where i1_0.name=?
Hibernate: insert into products (category_id,name,price,id) values (?,?,?,default)
Hibernate: insert into product_ingredient (product_id,ingredient_id) values (?,?)
Hibernate: select c1_0.id,c1_0.name from categories c1_0 where c1_0.name=?
Hibernate: select i1_0.id,i1_0.name from ingredients i1_0 where i1_0.name=?
Hibernate: insert into products (category_id,name,price,id) values (?,?,?,default)
Hibernate: insert into product_ingredient (product_id,ingredient_id) values (?,?)
Hibernate: select c1_0.id,c1_0.name from categories c1_0 where c1_0.name=?
Hibernate: select i1_0.id,i1_0.name from ingredients i1_0 where i1_0.name=?
Hibernate: insert into products (category_id,name,price,id) values (?,?,?,default)
Hibernate: insert into product_ingredient (product_id,ingredient_id) values (?,?)
Hibernate: select c1_0.id,c1_0.name from categories c1_0 where c1_0.name=?
Hibernate: select i1_0.id,i1_0.name from ingredients i1_0 where i1_0.name=?
Hibernate: insert into products (category_id,name,price,id) values (?,?,?,default)
Hibernate: insert into product_ingredient (product_id,ingredient_id) values (?,?)
Hibernate: select c1_0.id,c1_0.name from categories c1_0 where c1_0.name=?
Hibernate: select i1_0.id,i1_0.name from ingredients i1_0 where i1_0.name=?
Hibernate: insert into products (category_id,name,price,id) values (?,?,?,default)
Hibernate: insert into product_ingredient (product_id,ingredient_id) values (?,?)
Hibernate: select c1_0.id,c1_0.name from categories c1_0 where c1_0.name=?
Hibernate: select i1_0.id,i1_0.name from ingredients i1_0 where i1_0.name=?
Hibernate: insert into products (category_id,name,price,id) values (?,?,?,default)
Hibernate: insert into product_ingredient (product_id,ingredient_id) values (?,?)
Hibernate: select c1_0.id,c1_0.name from categories c1_0 where c1_0.name=?
Hibernate: select i1_0.id,i1_0.name from ingredients i1_0 where i1_0.name=?
Hibernate: select a1_0.id,a1_0.name,a1_0.price from additives a1_0 where a1_0.name=?
Hibernate: select a1_0.id,a1_0.name,a1_0.price from additives a1_0 where a1_0.name=?
Hibernate: insert into products (category_id,name,price,id) values (?,?,?,default)
Hibernate: insert into product_additive (product_id,additive_id) values (?,?)
Hibernate: insert into product_additive (product_id,additive_id) values (?,?)
Hibernate: insert into product_ingredient (product_id,ingredient_id) values (?,?)
Hibernate: select c1_0.id,c1_0.name from categories c1_0 where c1_0.name=?
Hibernate: select i1_0.id,i1_0.name from ingredients i1_0 where i1_0.name=?
Hibernate: select a1_0.id,a1_0.name,a1_0.price from additives a1_0 where a1_0.name=?
Hibernate: select a1_0.id,a1_0.name,a1_0.price from additives a1_0 where a1_0.name=?
Hibernate: insert into products (category_id,name,price,id) values (?,?,?,default)
Hibernate: insert into product_additive (product_id,additive_id) values (?,?)
Hibernate: insert into product_additive (product_id,additive_id) values (?,?)
Hibernate: insert into product_ingredient (product_id,ingredient_id) values (?,?)
Hibernate: select c1_0.id,c1_0.name from categories c1_0 where c1_0.name=?
Hibernate: select i1_0.id,i1_0.name from ingredients i1_0 where i1_0.name=?
Hibernate: select i1_0.id,i1_0.name from ingredients i1_0 where i1_0.name=?
Hibernate: select i1_0.id,i1_0.name from ingredients i1_0 where i1_0.name=?
Hibernate: insert into products (category_id,name,price,id) values (?,?,?,default)
Hibernate: insert into product_ingredient (product_id,ingredient_id) values (?,?)
Hibernate: insert into product_ingredient (product_id,ingredient_id) values (?,?)
Hibernate: insert into product_ingredient (product_id,ingredient_id) values (?,?)
Hibernate: select c1_0.id,c1_0.name from categories c1_0 where c1_0.name=?
Hibernate: select i1_0.id,i1_0.name from ingredients i1_0 where i1_0.name=?
Hibernate: select i1_0.id,i1_0.name from ingredients i1_0 where i1_0.name=?
Hibernate: select a1_0.id,a1_0.name,a1_0.price from additives a1_0 where a1_0.name=?
Hibernate: insert into products (category_id,name,price,id) values (?,?,?,default)
Hibernate: insert into product_additive (product_id,additive_id) values (?,?)
Hibernate: insert into product_ingredient (product_id,ingredient_id) values (?,?)
Hibernate: insert into product_ingredient (product_id,ingredient_id) values (?,?)
Hibernate: select c1_0.id,c1_0.name from categories c1_0 where c1_0.name=?
Hibernate: select i1_0.id,i1_0.name from ingredients i1_0 where i1_0.name=?
Hibernate: select i1_0.id,i1_0.name from ingredients i1_0 where i1_0.name=?
Hibernate: select i1_0.id,i1_0.name from ingredients i1_0 where i1_0.name=?
Hibernate: select i1_0.id,i1_0.name from ingredients i1_0 where i1_0.name=?
Hibernate: select a1_0.id,a1_0.name,a1_0.price from additives a1_0 where a1_0.name=?
Hibernate: insert into products (category_id,name,price,id) values (?,?,?,default)
Hibernate: insert into product_additive (product_id,additive_id) values (?,?)
Hibernate: insert into product_ingredient (product_id,ingredient_id) values (?,?)
Hibernate: insert into product_ingredient (product_id,ingredient_id) values (?,?)
Hibernate: insert into product_ingredient (product_id,ingredient_id) values (?,?)
Hibernate: insert into product_ingredient (product_id,ingredient_id) values (?,?)
Hibernate: select c1_0.id,c1_0.name from categories c1_0 where c1_0.name=?
Hibernate: select i1_0.id,i1_0.name from ingredients i1_0 where i1_0.name=?
Hibernate: select i1_0.id,i1_0.name from ingredients i1_0 where i1_0.name=?
Hibernate: select i1_0.id,i1_0.name from ingredients i1_0 where i1_0.name=?
Hibernate: select i1_0.id,i1_0.name from ingredients i1_0 where i1_0.name=?
Hibernate: select i1_0.id,i1_0.name from ingredients i1_0 where i1_0.name=?
Hibernate: select i1_0.id,i1_0.name from ingredients i1_0 where i1_0.name=?
Hibernate: insert into products (category_id,name,price,id) values (?,?,?,default)
Hibernate: insert into product_ingredient (product_id,ingredient_id) values (?,?)
Hibernate: insert into product_ingredient (product_id,ingredient_id) values (?,?)
Hibernate: insert into product_ingredient (product_id,ingredient_id) values (?,?)
Hibernate: insert into product_ingredient (product_id,ingredient_id) values (?,?)
Hibernate: insert into product_ingredient (product_id,ingredient_id) values (?,?)
Hibernate: insert into product_ingredient (product_id,ingredient_id) values (?,?)
Hibernate: select c1_0.id,c1_0.name from categories c1_0 where c1_0.name=?
Hibernate: select i1_0.id,i1_0.name from ingredients i1_0 where i1_0.name=?
Hibernate: select i1_0.id,i1_0.name from ingredients i1_0 where i1_0.name=?
Hibernate: select i1_0.id,i1_0.name from ingredients i1_0 where i1_0.name=?
Hibernate: select a1_0.id,a1_0.name,a1_0.price from additives a1_0 where a1_0.name=?
Hibernate: select a1_0.id,a1_0.name,a1_0.price from additives a1_0 where a1_0.name=?
Hibernate: select a1_0.id,a1_0.name,a1_0.price from additives a1_0 where a1_0.name=?
Hibernate: insert into products (category_id,name,price,id) values (?,?,?,default)
Hibernate: insert into product_additive (product_id,additive_id) values (?,?)
Hibernate: insert into product_additive (product_id,additive_id) values (?,?)
Hibernate: insert into product_additive (product_id,additive_id) values (?,?)
Hibernate: insert into product_ingredient (product_id,ingredient_id) values (?,?)
Hibernate: insert into product_ingredient (product_id,ingredient_id) values (?,?)
Hibernate: insert into product_ingredient (product_id,ingredient_id) values (?,?)
Hibernate: select c1_0.id,c1_0.name from categories c1_0 where c1_0.name=?
Hibernate: select i1_0.id,i1_0.name from ingredients i1_0 where i1_0.name=?
Hibernate: select i1_0.id,i1_0.name from ingredients i1_0 where i1_0.name=?
Hibernate: select i1_0.id,i1_0.name from ingredients i1_0 where i1_0.name=?
Hibernate: select a1_0.id,a1_0.name,a1_0.price from additives a1_0 where a1_0.name=?
Hibernate: select a1_0.id,a1_0.name,a1_0.price from additives a1_0 where a1_0.name=?
Hibernate: select a1_0.id,a1_0.name,a1_0.price from additives a1_0 where a1_0.name=?
Hibernate: insert into products (category_id,name,price,id) values (?,?,?,default)
Hibernate: insert into product_additive (product_id,additive_id) values (?,?)
Hibernate: insert into product_additive (product_id,additive_id) values (?,?)
Hibernate: insert into product_additive (product_id,additive_id) values (?,?)
Hibernate: insert into product_ingredient (product_id,ingredient_id) values (?,?)
Hibernate: insert into product_ingredient (product_id,ingredient_id) values (?,?)
Hibernate: insert into product_ingredient (product_id,ingredient_id) values (?,?)
Hibernate: select c1_0.id,c1_0.name from categories c1_0 where c1_0.name=?
Hibernate: select i1_0.id,i1_0.name from ingredients i1_0 where i1_0.name=?
Hibernate: select i1_0.id,i1_0.name from ingredients i1_0 where i1_0.name=?
Hibernate: select i1_0.id,i1_0.name from ingredients i1_0 where i1_0.name=?
Hibernate: select i1_0.id,i1_0.name from ingredients i1_0 where i1_0.name=?
Hibernate: select i1_0.id,i1_0.name from ingredients i1_0 where i1_0.name=?
Hibernate: select i1_0.id,i1_0.name from ingredients i1_0 where i1_0.name=?
Hibernate: select a1_0.id,a1_0.name,a1_0.price from additives a1_0 where a1_0.name=?
Hibernate: select a1_0.id,a1_0.name,a1_0.price from additives a1_0 where a1_0.name=?
Hibernate: select a1_0.id,a1_0.name,a1_0.price from additives a1_0 where a1_0.name=?
Hibernate: insert into products (category_id,name,price,id) values (?,?,?,default)
Hibernate: insert into product_additive (product_id,additive_id) values (?,?)
Hibernate: insert into product_additive (product_id,additive_id) values (?,?)
Hibernate: insert into product_additive (product_id,additive_id) values (?,?)
Hibernate: insert into product_ingredient (product_id,ingredient_id) values (?,?)
Hibernate: insert into product_ingredient (product_id,ingredient_id) values (?,?)
Hibernate: insert into product_ingredient (product_id,ingredient_id) values (?,?)
Hibernate: insert into product_ingredient (product_id,ingredient_id) values (?,?)
Hibernate: insert into product_ingredient (product_id,ingredient_id) values (?,?)
Hibernate: insert into product_ingredient (product_id,ingredient_id) values (?,?)
Hibernate: select c1_0.id,c1_0.name from categories c1_0 where c1_0.name=?
Hibernate: select i1_0.id,i1_0.name from ingredients i1_0 where i1_0.name=?
Hibernate: select i1_0.id,i1_0.name from ingredients i1_0 where i1_0.name=?
Hibernate: select i1_0.id,i1_0.name from ingredients i1_0 where i1_0.name=?
Hibernate: select i1_0.id,i1_0.name from ingredients i1_0 where i1_0.name=?
Hibernate: select i1_0.id,i1_0.name from ingredients i1_0 where i1_0.name=?
Hibernate: select i1_0.id,i1_0.name from ingredients i1_0 where i1_0.name=?
Hibernate: select a1_0.id,a1_0.name,a1_0.price from additives a1_0 where a1_0.name=?
Hibernate: select a1_0.id,a1_0.name,a1_0.price from additives a1_0 where a1_0.name=?
Hibernate: select a1_0.id,a1_0.name,a1_0.price from additives a1_0 where a1_0.name=?
Hibernate: insert into products (category_id,name,price,id) values (?,?,?,default)
Hibernate: insert into product_additive (product_id,additive_id) values (?,?)
Hibernate: insert into product_additive (product_id,additive_id) values (?,?)
Hibernate: insert into product_additive (product_id,additive_id) values (?,?)
Hibernate: insert into product_ingredient (product_id,ingredient_id) values (?,?)
Hibernate: insert into product_ingredient (product_id,ingredient_id) values (?,?)
Hibernate: insert into product_ingredient (product_id,ingredient_id) values (?,?)
Hibernate: insert into product_ingredient (product_id,ingredient_id) values (?,?)
Hibernate: insert into product_ingredient (product_id,ingredient_id) values (?,?)
Hibernate: insert into product_ingredient (product_id,ingredient_id) values (?,?)
Hibernate: select c1_0.id,c1_0.name from categories c1_0 where c1_0.name=?
Hibernate: select i1_0.id,i1_0.name from ingredients i1_0 where i1_0.name=?
Hibernate: select i1_0.id,i1_0.name from ingredients i1_0 where i1_0.name=?
Hibernate: select i1_0.id,i1_0.name from ingredients i1_0 where i1_0.name=?
Hibernate: select i1_0.id,i1_0.name from ingredients i1_0 where i1_0.name=?
Hibernate: select a1_0.id,a1_0.name,a1_0.price from additives a1_0 where a1_0.name=?
Hibernate: select a1_0.id,a1_0.name,a1_0.price from additives a1_0 where a1_0.name=?
Hibernate: select a1_0.id,a1_0.name,a1_0.price from additives a1_0 where a1_0.name=?
Hibernate: insert into products (category_id,name,price,id) values (?,?,?,default)
Hibernate: insert into product_additive (product_id,additive_id) values (?,?)
Hibernate: insert into product_additive (product_id,additive_id) values (?,?)
Hibernate: insert into product_additive (product_id,additive_id) values (?,?)
Hibernate: insert into product_ingredient (product_id,ingredient_id) values (?,?)
Hibernate: insert into product_ingredient (product_id,ingredient_id) values (?,?)
Hibernate: insert into product_ingredient (product_id,ingredient_id) values (?,?)
Hibernate: insert into product_ingredient (product_id,ingredient_id) values (?,?)
Hibernate: select c1_0.id,c1_0.name from categories c1_0 where c1_0.name=?
Hibernate: select i1_0.id,i1_0.name from ingredients i1_0 where i1_0.name=?
Hibernate: select i1_0.id,i1_0.name from ingredients i1_0 where i1_0.name=?
Hibernate: select i1_0.id,i1_0.name from ingredients i1_0 where i1_0.name=?
Hibernate: select i1_0.id,i1_0.name from ingredients i1_0 where i1_0.name=?
Hibernate: select a1_0.id,a1_0.name,a1_0.price from additives a1_0 where a1_0.name=?
Hibernate: select a1_0.id,a1_0.name,a1_0.price from additives a1_0 where a1_0.name=?
Hibernate: select a1_0.id,a1_0.name,a1_0.price from additives a1_0 where a1_0.name=?
Hibernate: insert into products (category_id,name,price,id) values (?,?,?,default)
Hibernate: insert into product_additive (product_id,additive_id) values (?,?)
Hibernate: insert into product_additive (product_id,additive_id) values (?,?)
Hibernate: insert into product_additive (product_id,additive_id) values (?,?)
Hibernate: insert into product_ingredient (product_id,ingredient_id) values (?,?)
Hibernate: insert into product_ingredient (product_id,ingredient_id) values (?,?)
Hibernate: insert into product_ingredient (product_id,ingredient_id) values (?,?)
Hibernate: insert into product_ingredient (product_id,ingredient_id) values (?,?)
Hibernate: select c1_0.id,c1_0.name from categories c1_0 where c1_0.name=?
Hibernate: select i1_0.id,i1_0.name from ingredients i1_0 where i1_0.name=?
Hibernate: select i1_0.id,i1_0.name from ingredients i1_0 where i1_0.name=?
Hibernate: select i1_0.id,i1_0.name from ingredients i1_0 where i1_0.name=?
Hibernate: select i1_0.id,i1_0.name from ingredients i1_0 where i1_0.name=?
Hibernate: select a1_0.id,a1_0.name,a1_0.price from additives a1_0 where a1_0.name=?
Hibernate: select a1_0.id,a1_0.name,a1_0.price from additives a1_0 where a1_0.name=?
Hibernate: insert into products (category_id,name,price,id) values (?,?,?,default)
Hibernate: insert into product_additive (product_id,additive_id) values (?,?)
Hibernate: insert into product_additive (product_id,additive_id) values (?,?)
Hibernate: insert into product_ingredient (product_id,ingredient_id) values (?,?)
Hibernate: insert into product_ingredient (product_id,ingredient_id) values (?,?)
Hibernate: insert into product_ingredient (product_id,ingredient_id) values (?,?)
Hibernate: insert into product_ingredient (product_id,ingredient_id) values (?,?)
Hibernate: select c1_0.id,c1_0.name from categories c1_0 where c1_0.name=?
Hibernate: select i1_0.id,i1_0.name from ingredients i1_0 where i1_0.name=?
Hibernate: select i1_0.id,i1_0.name from ingredients i1_0 where i1_0.name=?
Hibernate: select i1_0.id,i1_0.name from ingredients i1_0 where i1_0.name=?
Hibernate: select i1_0.id,i1_0.name from ingredients i1_0 where i1_0.name=?
Hibernate: select i1_0.id,i1_0.name from ingredients i1_0 where i1_0.name=?
Hibernate: select i1_0.id,i1_0.name from ingredients i1_0 where i1_0.name=?
Hibernate: select a1_0.id,a1_0.name,a1_0.price from additives a1_0 where a1_0.name=?
Hibernate: select a1_0.id,a1_0.name,a1_0.price from additives a1_0 where a1_0.name=?
Hibernate: insert into products (category_id,name,price,id) values (?,?,?,default)
Hibernate: insert into product_additive (product_id,additive_id) values (?,?)
Hibernate: insert into product_additive (product_id,additive_id) values (?,?)
Hibernate: insert into product_ingredient (product_id,ingredient_id) values (?,?)
Hibernate: insert into product_ingredient (product_id,ingredient_id) values (?,?)
Hibernate: insert into product_ingredient (product_id,ingredient_id) values (?,?)
Hibernate: insert into product_ingredient (product_id,ingredient_id) values (?,?)
Hibernate: insert into product_ingredient (product_id,ingredient_id) values (?,?)
Hibernate: insert into product_ingredient (product_id,ingredient_id) values (?,?)
Hibernate: select c1_0.id,c1_0.name from categories c1_0 where c1_0.name=?
Hibernate: select i1_0.id,i1_0.name from ingredients i1_0 where i1_0.name=?
Hibernate: select i1_0.id,i1_0.name from ingredients i1_0 where i1_0.name=?
Hibernate: select i1_0.id,i1_0.name from ingredients i1_0 where i1_0.name=?
Hibernate: select i1_0.id,i1_0.name from ingredients i1_0 where i1_0.name=?
Hibernate: select i1_0.id,i1_0.name from ingredients i1_0 where i1_0.name=?
Hibernate: select i1_0.id,i1_0.name from ingredients i1_0 where i1_0.name=?
Hibernate: select a1_0.id,a1_0.name,a1_0.price from additives a1_0 where a1_0.name=?
Hibernate: select a1_0.id,a1_0.name,a1_0.price from additives a1_0 where a1_0.name=?
Hibernate: insert into products (category_id,name,price,id) values (?,?,?,default)
Hibernate: insert into product_additive (product_id,additive_id) values (?,?)
Hibernate: insert into product_additive (product_id,additive_id) values (?,?)
Hibernate: insert into product_ingredient (product_id,ingredient_id) values (?,?)
Hibernate: insert into product_ingredient (product_id,ingredient_id) values (?,?)
Hibernate: insert into product_ingredient (product_id,ingredient_id) values (?,?)
Hibernate: insert into product_ingredient (product_id,ingredient_id) values (?,?)
Hibernate: insert into product_ingredient (product_id,ingredient_id) values (?,?)
Hibernate: insert into product_ingredient (product_id,ingredient_id) values (?,?)
Hibernate: select c1_0.id,c1_0.name from categories c1_0 where c1_0.name=?
Hibernate: select i1_0.id,i1_0.name from ingredients i1_0 where i1_0.name=?
Hibernate: select i1_0.id,i1_0.name from ingredients i1_0 where i1_0.name=?
Hibernate: select i1_0.id,i1_0.name from ingredients i1_0 where i1_0.name=?
Hibernate: select i1_0.id,i1_0.name from ingredients i1_0 where i1_0.name=?
Hibernate: select a1_0.id,a1_0.name,a1_0.price from additives a1_0 where a1_0.name=?
Hibernate: select a1_0.id,a1_0.name,a1_0.price from additives a1_0 where a1_0.name=?
Hibernate: insert into products (category_id,name,price,id) values (?,?,?,default)
Hibernate: insert into product_additive (product_id,additive_id) values (?,?)
Hibernate: insert into product_additive (product_id,additive_id) values (?,?)
Hibernate: insert into product_ingredient (product_id,ingredient_id) values (?,?)
Hibernate: insert into product_ingredient (product_id,ingredient_id) values (?,?)
Hibernate: insert into product_ingredient (product_id,ingredient_id) values (?,?)
Hibernate: insert into product_ingredient (product_id,ingredient_id) values (?,?)
Hibernate: select c1_0.id,c1_0.name from categories c1_0 where c1_0.name=?
Hibernate: select i1_0.id,i1_0.name from ingredients i1_0 where i1_0.name=?
Hibernate: select i1_0.id,i1_0.name from ingredients i1_0 where i1_0.name=?
Hibernate: select i1_0.id,i1_0.name from ingredients i1_0 where i1_0.name=?
Hibernate: select i1_0.id,i1_0.name from ingredients i1_0 where i1_0.name=?
Hibernate: select a1_0.id,a1_0.name,a1_0.price from additives a1_0 where a1_0.name=?
Hibernate: select a1_0.id,a1_0.name,a1_0.price from additives a1_0 where a1_0.name=?
Hibernate: insert into products (category_id,name,price,id) values (?,?,?,default)
Hibernate: insert into product_additive (product_id,additive_id) values (?,?)
Hibernate: insert into product_additive (product_id,additive_id) values (?,?)
Hibernate: insert into product_ingredient (product_id,ingredient_id) values (?,?)
Hibernate: insert into product_ingredient (product_id,ingredient_id) values (?,?)
Hibernate: insert into product_ingredient (product_id,ingredient_id) values (?,?)
Hibernate: insert into product_ingredient (product_id,ingredient_id) values (?,?)
Hibernate: select c1_0.id,c1_0.name from categories c1_0 where c1_0.name=?
Hibernate: select i1_0.id,i1_0.name from ingredients i1_0 where i1_0.name=?
Hibernate: select i1_0.id,i1_0.name from ingredients i1_0 where i1_0.name=?
Hibernate: select i1_0.id,i1_0.name from ingredients i1_0 where i1_0.name=?
Hibernate: select i1_0.id,i1_0.name from ingredients i1_0 where i1_0.name=?
Hibernate: select i1_0.id,i1_0.name from ingredients i1_0 where i1_0.name=?
Hibernate: select i1_0.id,i1_0.name from ingredients i1_0 where i1_0.name=?
Hibernate: select i1_0.id,i1_0.name from ingredients i1_0 where i1_0.name=?
Hibernate: select i1_0.id,i1_0.name from ingredients i1_0 where i1_0.name=?
Hibernate: select i1_0.id,i1_0.name from ingredients i1_0 where i1_0.name=?
Hibernate: select a1_0.id,a1_0.name,a1_0.price from additives a1_0 where a1_0.name=?
Hibernate: select a1_0.id,a1_0.name,a1_0.price from additives a1_0 where a1_0.name=?
Hibernate: insert into products (category_id,name,price,id) values (?,?,?,default)
Hibernate: insert into product_additive (product_id,additive_id) values (?,?)
Hibernate: insert into product_additive (product_id,additive_id) values (?,?)
Hibernate: insert into product_ingredient (product_id,ingredient_id) values (?,?)
Hibernate: insert into product_ingredient (product_id,ingredient_id) values (?,?)
Hibernate: insert into product_ingredient (product_id,ingredient_id) values (?,?)
Hibernate: insert into product_ingredient (product_id,ingredient_id) values (?,?)
Hibernate: insert into product_ingredient (product_id,ingredient_id) values (?,?)
Hibernate: insert into product_ingredient (product_id,ingredient_id) values (?,?)
Hibernate: insert into product_ingredient (product_id,ingredient_id) values (?,?)
Hibernate: insert into product_ingredient (product_id,ingredient_id) values (?,?)
Hibernate: insert into product_ingredient (product_id,ingredient_id) values (?,?)
Hibernate: select c1_0.id,c1_0.name from categories c1_0 where c1_0.name=?
Hibernate: select i1_0.id,i1_0.name from ingredients i1_0 where i1_0.name=?
Hibernate: select i1_0.id,i1_0.name from ingredients i1_0 where i1_0.name=?
Hibernate: select i1_0.id,i1_0.name from ingredients i1_0 where i1_0.name=?
Hibernate: select i1_0.id,i1_0.name from ingredients i1_0 where i1_0.name=?
Hibernate: select i1_0.id,i1_0.name from ingredients i1_0 where i1_0.name=?
Hibernate: select i1_0.id,i1_0.name from ingredients i1_0 where i1_0.name=?
Hibernate: select i1_0.id,i1_0.name from ingredients i1_0 where i1_0.name=?
Hibernate: select i1_0.id,i1_0.name from ingredients i1_0 where i1_0.name=?
Hibernate: select i1_0.id,i1_0.name from ingredients i1_0 where i1_0.name=?
Hibernate: select a1_0.id,a1_0.name,a1_0.price from additives a1_0 where a1_0.name=?
Hibernate: select a1_0.id,a1_0.name,a1_0.price from additives a1_0 where a1_0.name=?
Hibernate: insert into products (category_id,name,price,id) values (?,?,?,default)
Hibernate: insert into product_additive (product_id,additive_id) values (?,?)
Hibernate: insert into product_additive (product_id,additive_id) values (?,?)
Hibernate: insert into product_ingredient (product_id,ingredient_id) values (?,?)
Hibernate: insert into product_ingredient (product_id,ingredient_id) values (?,?)
Hibernate: insert into product_ingredient (product_id,ingredient_id) values (?,?)
Hibernate: insert into product_ingredient (product_id,ingredient_id) values (?,?)
Hibernate: insert into product_ingredient (product_id,ingredient_id) values (?,?)
Hibernate: insert into product_ingredient (product_id,ingredient_id) values (?,?)
Hibernate: insert into product_ingredient (product_id,ingredient_id) values (?,?)
Hibernate: insert into product_ingredient (product_id,ingredient_id) values (?,?)
Hibernate: insert into product_ingredient (product_id,ingredient_id) values (?,?)
Hibernate: select c1_0.id,c1_0.name from categories c1_0 where c1_0.name=?
Hibernate: select i1_0.id,i1_0.name from ingredients i1_0 where i1_0.name=?
Hibernate: select i1_0.id,i1_0.name from ingredients i1_0 where i1_0.name=?
Hibernate: select i1_0.id,i1_0.name from ingredients i1_0 where i1_0.name=?
Hibernate: select i1_0.id,i1_0.name from ingredients i1_0 where i1_0.name=?
Hibernate: select i1_0.id,i1_0.name from ingredients i1_0 where i1_0.name=?
Hibernate: select a1_0.id,a1_0.name,a1_0.price from additives a1_0 where a1_0.name=?
Hibernate: select a1_0.id,a1_0.name,a1_0.price from additives a1_0 where a1_0.name=?
Hibernate: insert into products (category_id,name,price,id) values (?,?,?,default)
Hibernate: insert into product_additive (product_id,additive_id) values (?,?)
Hibernate: insert into product_additive (product_id,additive_id) values (?,?)
Hibernate: insert into product_ingredient (product_id,ingredient_id) values (?,?)
Hibernate: insert into product_ingredient (product_id,ingredient_id) values (?,?)
Hibernate: insert into product_ingredient (product_id,ingredient_id) values (?,?)
Hibernate: insert into product_ingredient (product_id,ingredient_id) values (?,?)
Hibernate: insert into product_ingredient (product_id,ingredient_id) values (?,?)
Hibernate: select c1_0.id,c1_0.name from categories c1_0 where c1_0.name=?
Hibernate: select i1_0.id,i1_0.name from ingredients i1_0 where i1_0.name=?
Hibernate: select i1_0.id,i1_0.name from ingredients i1_0 where i1_0.name=?
Hibernate: select i1_0.id,i1_0.name from ingredients i1_0 where i1_0.name=?
Hibernate: select i1_0.id,i1_0.name from ingredients i1_0 where i1_0.name=?
Hibernate: select i1_0.id,i1_0.name from ingredients i1_0 where i1_0.name=?
Hibernate: select a1_0.id,a1_0.name,a1_0.price from additives a1_0 where a1_0.name=?
Hibernate: select a1_0.id,a1_0.name,a1_0.price from additives a1_0 where a1_0.name=?
Hibernate: insert into products (category_id,name,price,id) values (?,?,?,default)
Hibernate: insert into product_additive (product_id,additive_id) values (?,?)
Hibernate: insert into product_additive (product_id,additive_id) values (?,?)
Hibernate: insert into product_ingredient (product_id,ingredient_id) values (?,?)
Hibernate: insert into product_ingredient (product_id,ingredient_id) values (?,?)
Hibernate: insert into product_ingredient (product_id,ingredient_id) values (?,?)
Hibernate: insert into product_ingredient (product_id,ingredient_id) values (?,?)
Hibernate: insert into product_ingredient (product_id,ingredient_id) values (?,?)
Hibernate: select c1_0.id,c1_0.name from categories c1_0 where c1_0.name=?
Hibernate: select i1_0.id,i1_0.name from ingredients i1_0 where i1_0.name=?
Hibernate: select i1_0.id,i1_0.name from ingredients i1_0 where i1_0.name=?
Hibernate: select i1_0.id,i1_0.name from ingredients i1_0 where i1_0.name=?
Hibernate: select i1_0.id,i1_0.name from ingredients i1_0 where i1_0.name=?
Hibernate: select i1_0.id,i1_0.name from ingredients i1_0 where i1_0.name=?
Hibernate: select a1_0.id,a1_0.name,a1_0.price from additives a1_0 where a1_0.name=?
Hibernate: select a1_0.id,a1_0.name,a1_0.price from additives a1_0 where a1_0.name=?
Hibernate: insert into products (category_id,name,price,id) values (?,?,?,default)
Hibernate: insert into product_additive (product_id,additive_id) values (?,?)
Hibernate: insert into product_additive (product_id,additive_id) values (?,?)
Hibernate: insert into product_ingredient (product_id,ingredient_id) values (?,?)
Hibernate: insert into product_ingredient (product_id,ingredient_id) values (?,?)
Hibernate: insert into product_ingredient (product_id,ingredient_id) values (?,?)
Hibernate: insert into product_ingredient (product_id,ingredient_id) values (?,?)
Hibernate: insert into product_ingredient (product_id,ingredient_id) values (?,?)
Hibernate: select c1_0.id,c1_0.name from categories c1_0 where c1_0.name=?
Hibernate: select i1_0.id,i1_0.name from ingredients i1_0 where i1_0.name=?
Hibernate: select i1_0.id,i1_0.name from ingredients i1_0 where i1_0.name=?
Hibernate: select i1_0.id,i1_0.name from ingredients i1_0 where i1_0.name=?
Hibernate: select i1_0.id,i1_0.name from ingredients i1_0 where i1_0.name=?
Hibernate: select i1_0.id,i1_0.name from ingredients i1_0 where i1_0.name=?
Hibernate: select a1_0.id,a1_0.name,a1_0.price from additives a1_0 where a1_0.name=?
Hibernate: select a1_0.id,a1_0.name,a1_0.price from additives a1_0 where a1_0.name=?
Hibernate: insert into products (category_id,name,price,id) values (?,?,?,default)
Hibernate: insert into product_additive (product_id,additive_id) values (?,?)
Hibernate: insert into product_additive (product_id,additive_id) values (?,?)
Hibernate: insert into product_ingredient (product_id,ingredient_id) values (?,?)
Hibernate: insert into product_ingredient (product_id,ingredient_id) values (?,?)
Hibernate: insert into product_ingredient (product_id,ingredient_id) values (?,?)
Hibernate: insert into product_ingredient (product_id,ingredient_id) values (?,?)
Hibernate: insert into product_ingredient (product_id,ingredient_id) values (?,?)
Hibernate: select c1_0.id,c1_0.name from categories c1_0 where c1_0.name=?
Hibernate: select i1_0.id,i1_0.name from ingredients i1_0 where i1_0.name=?
Hibernate: select i1_0.id,i1_0.name from ingredients i1_0 where i1_0.name=?
Hibernate: select i1_0.id,i1_0.name from ingredients i1_0 where i1_0.name=?
Hibernate: select a1_0.id,a1_0.name,a1_0.price from additives a1_0 where a1_0.name=?
Hibernate: select a1_0.id,a1_0.name,a1_0.price from additives a1_0 where a1_0.name=?
Hibernate: insert into products (category_id,name,price,id) values (?,?,?,default)
Hibernate: insert into product_additive (product_id,additive_id) values (?,?)
Hibernate: insert into product_additive (product_id,additive_id) values (?,?)
Hibernate: insert into product_ingredient (product_id,ingredient_id) values (?,?)
Hibernate: insert into product_ingredient (product_id,ingredient_id) values (?,?)
Hibernate: insert into product_ingredient (product_id,ingredient_id) values (?,?)
Hibernate: select c1_0.id,c1_0.name from categories c1_0 where c1_0.name=?
Hibernate: select i1_0.id,i1_0.name from ingredients i1_0 where i1_0.name=?
Hibernate: select i1_0.id,i1_0.name from ingredients i1_0 where i1_0.name=?
Hibernate: select i1_0.id,i1_0.name from ingredients i1_0 where i1_0.name=?
Hibernate: select a1_0.id,a1_0.name,a1_0.price from additives a1_0 where a1_0.name=?
Hibernate: select a1_0.id,a1_0.name,a1_0.price from additives a1_0 where a1_0.name=?
Hibernate: insert into products (category_id,name,price,id) values (?,?,?,default)
Hibernate: insert into product_additive (product_id,additive_id) values (?,?)
Hibernate: insert into product_additive (product_id,additive_id) values (?,?)
Hibernate: insert into product_ingredient (product_id,ingredient_id) values (?,?)
Hibernate: insert into product_ingredient (product_id,ingredient_id) values (?,?)
Hibernate: insert into product_ingredient (product_id,ingredient_id) values (?,?)
Hibernate: select c1_0.id,c1_0.name from categories c1_0 where c1_0.name=?
Hibernate: select i1_0.id,i1_0.name from ingredients i1_0 where i1_0.name=?
Hibernate: select i1_0.id,i1_0.name from ingredients i1_0 where i1_0.name=?
Hibernate: select i1_0.id,i1_0.name from ingredients i1_0 where i1_0.name=?
Hibernate: select i1_0.id,i1_0.name from ingredients i1_0 where i1_0.name=?
Hibernate: select i1_0.id,i1_0.name from ingredients i1_0 where i1_0.name=?
Hibernate: select a1_0.id,a1_0.name,a1_0.price from additives a1_0 where a1_0.name=?
Hibernate: select a1_0.id,a1_0.name,a1_0.price from additives a1_0 where a1_0.name=?
Hibernate: insert into products (category_id,name,price,id) values (?,?,?,default)
Hibernate: insert into product_additive (product_id,additive_id) values (?,?)
Hibernate: insert into product_additive (product_id,additive_id) values (?,?)
Hibernate: insert into product_ingredient (product_id,ingredient_id) values (?,?)
Hibernate: insert into product_ingredient (product_id,ingredient_id) values (?,?)
Hibernate: insert into product_ingredient (product_id,ingredient_id) values (?,?)
Hibernate: insert into product_ingredient (product_id,ingredient_id) values (?,?)
Hibernate: insert into product_ingredient (product_id,ingredient_id) values (?,?)
Hibernate: select c1_0.id,c1_0.name from categories c1_0 where c1_0.name=?
Hibernate: select i1_0.id,i1_0.name from ingredients i1_0 where i1_0.name=?
Hibernate: select i1_0.id,i1_0.name from ingredients i1_0 where i1_0.name=?
Hibernate: select i1_0.id,i1_0.name from ingredients i1_0 where i1_0.name=?
Hibernate: select i1_0.id,i1_0.name from ingredients i1_0 where i1_0.name=?
Hibernate: select i1_0.id,i1_0.name from ingredients i1_0 where i1_0.name=?
Hibernate: select a1_0.id,a1_0.name,a1_0.price from additives a1_0 where a1_0.name=?
Hibernate: select a1_0.id,a1_0.name,a1_0.price from additives a1_0 where a1_0.name=?
Hibernate: insert into products (category_id,name,price,id) values (?,?,?,default)
Hibernate: insert into product_additive (product_id,additive_id) values (?,?)
Hibernate: insert into product_additive (product_id,additive_id) values (?,?)
Hibernate: insert into product_ingredient (product_id,ingredient_id) values (?,?)
Hibernate: insert into product_ingredient (product_id,ingredient_id) values (?,?)
Hibernate: insert into product_ingredient (product_id,ingredient_id) values (?,?)
Hibernate: insert into product_ingredient (product_id,ingredient_id) values (?,?)
Hibernate: insert into product_ingredient (product_id,ingredient_id) values (?,?)
Hibernate: select c1_0.id,c1_0.name from categories c1_0 where c1_0.name=?
Hibernate: select i1_0.id,i1_0.name from ingredients i1_0 where i1_0.name=?
Hibernate: select i1_0.id,i1_0.name from ingredients i1_0 where i1_0.name=?
Hibernate: select i1_0.id,i1_0.name from ingredients i1_0 where i1_0.name=?
Hibernate: select i1_0.id,i1_0.name from ingredients i1_0 where i1_0.name=?
Hibernate: select a1_0.id,a1_0.name,a1_0.price from additives a1_0 where a1_0.name=?
Hibernate: select a1_0.id,a1_0.name,a1_0.price from additives a1_0 where a1_0.name=?
Hibernate: insert into products (category_id,name,price,id) values (?,?,?,default)
Hibernate: insert into product_additive (product_id,additive_id) values (?,?)
Hibernate: insert into product_additive (product_id,additive_id) values (?,?)
Hibernate: insert into product_ingredient (product_id,ingredient_id) values (?,?)
Hibernate: insert into product_ingredient (product_id,ingredient_id) values (?,?)
Hibernate: insert into product_ingredient (product_id,ingredient_id) values (?,?)
Hibernate: insert into product_ingredient (product_id,ingredient_id) values (?,?)
Hibernate: select c1_0.id,c1_0.name from categories c1_0 where c1_0.name=?
Hibernate: select i1_0.id,i1_0.name from ingredients i1_0 where i1_0.name=?
Hibernate: select i1_0.id,i1_0.name from ingredients i1_0 where i1_0.name=?
Hibernate: select i1_0.id,i1_0.name from ingredients i1_0 where i1_0.name=?
Hibernate: select i1_0.id,i1_0.name from ingredients i1_0 where i1_0.name=?
Hibernate: select a1_0.id,a1_0.name,a1_0.price from additives a1_0 where a1_0.name=?
Hibernate: select a1_0.id,a1_0.name,a1_0.price from additives a1_0 where a1_0.name=?
Hibernate: insert into products (category_id,name,price,id) values (?,?,?,default)
Hibernate: insert into product_additive (product_id,additive_id) values (?,?)
Hibernate: insert into product_additive (product_id,additive_id) values (?,?)
Hibernate: insert into product_ingredient (product_id,ingredient_id) values (?,?)
Hibernate: insert into product_ingredient (product_id,ingredient_id) values (?,?)
Hibernate: insert into product_ingredient (product_id,ingredient_id) values (?,?)
Hibernate: insert into product_ingredient (product_id,ingredient_id) values (?,?)
]]></system-out>
  </testcase>
</testsuite>